<?xml version="1.0" encoding="UTF-8"?>
<!-- Generated by org.testng.reporters.JUnitReportReporter -->
<testsuite hostname="wOrzZy" name="qaclickacademy.MavenJava1.SeleniumTest" tests="1" failures="0" timestamp="23 Aug 2021 20:58:22 GMT" time="0.063" errors="0">
  <testcase name="Demo1" time="0.063" classname="qaclickacademy.MavenJava1.SeleniumTest"/>
</testsuite> <!-- qaclickacademy.MavenJava1.SeleniumTest -->
