<?xml version="1.0" encoding="UTF-8"?>
<!-- Generated by org.testng.reporters.JUnitReportReporter -->
<testsuite hostname="Sony" name="qaclickacademy.MavenJava1.RestAPITest" tests="2" failures="0" timestamp="26 Sep 2021 16:43:22 GMT" time="0.000" errors="0">
  <testcase name="Demo6" time="0.000" classname="qaclickacademy.MavenJava1.RestAPITest"/>
  <testcase name="Demo5" time="0.000" classname="qaclickacademy.MavenJava1.RestAPITest"/>
</testsuite> <!-- qaclickacademy.MavenJava1.RestAPITest -->
