<?xml version="1.0" encoding="UTF-8"?>
<!-- Generated by org.testng.reporters.JUnitReportReporter -->
<testsuite hostname="Sony" name="qaclickacademy.MavenJava1.AppiumTest" tests="2" failures="0" timestamp="26 Sep 2021 16:43:22 GMT" time="0.062" errors="0">
  <testcase name="Demo3" time="0.062" classname="qaclickacademy.MavenJava1.AppiumTest"/>
  <testcase name="Demo4" time="0.000" classname="qaclickacademy.MavenJava1.AppiumTest"/>
</testsuite> <!-- qaclickacademy.MavenJava1.AppiumTest -->
